Using pre-set license
Built from '2020.3/staging' branch; Version is '2020.3.6f1 (338bb68529b2) revision 3378102'; Using compiler version '192528614'; Build Type 'Release'
OS: 'Windows 10 Pro; OS build 19045.2486; Version 2009; 64bit' Language: 'es' Physical Memory: 6071 MB
BatchMode: 1, IsHumanControllingUs: 0, StartBugReporterOnCrash: 0, Is64bit: 1, IsPro: 0

 COMMAND LINE ARGUMENTS:
C:\Users\arnod\OneDrive\Escritorio\2020.3.6f1\Editor\Unity.exe
-adb2
-batchMode
-noUpm
-name
AssetImportWorker0
-projectPath
C:/Users/arnod/OneDrive/Escritorio/Juegos_Unity/jarrn
-logFile
Logs/AssetImportWorker0.log
-srvPort
51128
Successfully changed project path to: C:/Users/arnod/OneDrive/Escritorio/Juegos_Unity/jarrn
C:/Users/arnod/OneDrive/Escritorio/Juegos_Unity/jarrn
Using Asset Import Pipeline V2.
Refreshing native plugins compatible for Editor in 96.89 ms, found 0 plugins.
Preloading 0 native plugins for Editor in 0.00 ms.
Initialize engine version: 2020.3.6f1 (338bb68529b2)
[Subsystems] Discovering subsystems at path C:/Users/arnod/OneDrive/Escritorio/2020.3.6f1/Editor/Data/Resources/UnitySubsystems
[Subsystems] Discovering subsystems at path C:/Users/arnod/OneDrive/Escritorio/Juegos_Unity/jarrn/Assets
GfxDevice: creating device client; threaded=0
Direct3D:
    Version:  Direct3D 11.0 [level 11.0]
    Renderer: AMD Radeon HD 5450 (ID=0x68f9)
    Vendor:   
    VRAM:     1012 MB
    Driver:   15.201.1151.1008
Shader 'Universal Render Pipeline/Particles/Lit': fallback shader 'Universal Render Pipeline/Particles/SimpleLit' not found
Initialize mono
Mono path[0] = 'C:/Users/arnod/OneDrive/Escritorio/2020.3.6f1/Editor/Data/Managed'
Mono path[1] = 'C:/Users/arnod/OneDrive/Escritorio/2020.3.6f1/Editor/Data/MonoBleedingEdge/lib/mono/unityjit'
Mono config path = 'C:/Users/arnod/OneDrive/Escritorio/2020.3.6f1/Editor/Data/MonoBleedingEdge/etc'
Using monoOptions --debugger-agent=transport=dt_socket,embedding=1,server=y,suspend=n,address=127.0.0.1:56648
Begin MonoManager ReloadAssembly
Registering precompiled unity dll's ...
Register platform support module: C:/Users/arnod/OneDrive/Escritorio/2020.3.6f1/Editor/Data/PlaybackEngines/WindowsStandaloneSupport/UnityEditor.WindowsStandalone.Extensions.dll
Registered in 0.004203 seconds.
Native extension for WindowsStandalone target not found
Refreshing native plugins compatible for Editor in 97.18 ms, found 0 plugins.
Preloading 0 native plugins for Editor in 0.00 ms.
Mono: successfully reloaded assembly
- Completed reload, in  2.054 seconds
Platform modules already initialized, skipping
Registering precompiled user dll's ...
Registered in 0.003165 seconds.
Begin MonoManager ReloadAssembly
Native extension for WindowsStandalone target not found
Refreshing native plugins compatible for Editor in 99.77 ms, found 0 plugins.
Preloading 0 native plugins for Editor in 0.00 ms.
Mono: successfully reloaded assembly
- Completed reload, in  1.974 seconds
Platform modules already initialized, skipping
========================================================================
Worker process is ready to serve import requests
Shader 'Universal Render Pipeline/Particles/Lit': fallback shader 'Universal Render Pipeline/Particles/SimpleLit' not found
Launched and connected shader compiler UnityShaderCompiler.exe after 0.10 seconds
Refreshing native plugins compatible for Editor in 1.40 ms, found 0 plugins.
Preloading 0 native plugins for Editor in 0.00 ms.
Unloading 2788 Unused Serialized files (Serialized files now loaded: 0)
System memory in use before: 130.1 MB.
System memory in use after: 130.3 MB.

Unloading 11 unused Assets to reduce memory usage. Loaded Objects now: 3234.
Total: 5.183300 ms (FindLiveObjects: 0.897400 ms CreateObjectMapping: 0.203200 ms MarkObjects: 3.888400 ms  DeleteObjects: 0.191300 ms)

========================================================================
Received Import Request.
  path: Assets/New Folder/levl1.unity
  artifactKey: Guid(5f271c2c7bcb9344e97e5225288df992) Importer(815301076,1909f56bfc062723c751e8b465ee728b)
Start importing Assets/New Folder/levl1.unity using Guid(5f271c2c7bcb9344e97e5225288df992) Importer(815301076,1909f56bfc062723c751e8b465ee728b)  -> (artifact id: 'b6bfe7a07dc7637bd49652f2ecc1677c') in 0.042149 seconds
  Import took 0.052309 seconds .

========================================================================
Received Import Request.
  Time since last request: 8.067479 seconds.
  path: Assets/New Folder/pendulo
  artifactKey: Guid(28c2da488316e4f408f025f5bf69439a) Importer(815301076,1909f56bfc062723c751e8b465ee728b)
Start importing Assets/New Folder/pendulo using Guid(28c2da488316e4f408f025f5bf69439a) Importer(815301076,1909f56bfc062723c751e8b465ee728b)  -> (artifact id: '8acbfdfb086ddc2d47df6da42df66189') in 0.011326 seconds
  Import took 0.020072 seconds .

========================================================================
Received Import Request.
  Time since last request: 0.944744 seconds.
  path: Assets/New Folder/pendulo/New Scene.unity
  artifactKey: Guid(19e0b22a6325d2a4cb2d525adfe297f6) Importer(815301076,1909f56bfc062723c751e8b465ee728b)
Start importing Assets/New Folder/pendulo/New Scene.unity using Guid(19e0b22a6325d2a4cb2d525adfe297f6) Importer(815301076,1909f56bfc062723c751e8b465ee728b)  -> (artifact id: 'b4ce3b7367669d7dd17435f8a11d8b0f') in 0.016903 seconds
  Import took 0.027087 seconds .

========================================================================
Received Import Request.
  Time since last request: 27.748138 seconds.
  path: Assets/New Folder/pendulo/RODIGO.cs
  artifactKey: Guid(5c135b93fd474914986d63fb8f4466f6) Importer(815301076,1909f56bfc062723c751e8b465ee728b)
Start importing Assets/New Folder/pendulo/RODIGO.cs using Guid(5c135b93fd474914986d63fb8f4466f6) Importer(815301076,1909f56bfc062723c751e8b465ee728b)  -> (artifact id: 'cfc0983bdc470f4b89f85e66f0b713b9') in 0.096570 seconds
  Import took 0.106965 seconds .

========================================================================
Received Prepare
Registering precompiled user dll's ...
Registered in 0.023358 seconds.
Begin MonoManager ReloadAssembly
Native extension for WindowsStandalone target not found
Refreshing native plugins compatible for Editor in 1.06 ms, found 0 plugins.
Preloading 0 native plugins for Editor in 0.00 ms.
Mono: successfully reloaded assembly
- Completed reload, in  2.033 seconds
Platform modules already initialized, skipping
Shader 'Universal Render Pipeline/Particles/Lit': fallback shader 'Universal Render Pipeline/Particles/SimpleLit' not found
Refreshing native plugins compatible for Editor in 1.29 ms, found 0 plugins.
Preloading 0 native plugins for Editor in 0.00 ms.
Unloading 2657 Unused Serialized files (Serialized files now loaded: 0)
System memory in use before: 121.0 MB.
System memory in use after: 121.2 MB.

Unloading 6 unused Assets to reduce memory usage. Loaded Objects now: 3237.
Total: 6.155700 ms (FindLiveObjects: 0.537300 ms CreateObjectMapping: 0.189300 ms MarkObjects: 5.243000 ms  DeleteObjects: 0.183000 ms)

