Using pre-set license
Built from '2020.3/staging' branch; Version is '2020.3.6f1 (338bb68529b2) revision 3378102'; Using compiler version '192528614'; Build Type 'Release'
OS: 'Windows 10 Pro; OS build 19045.2486; Version 2009; 64bit' Language: 'es' Physical Memory: 6071 MB
BatchMode: 1, IsHumanControllingUs: 0, StartBugReporterOnCrash: 0, Is64bit: 1, IsPro: 0

 COMMAND LINE ARGUMENTS:
C:\Users\arnod\OneDrive\Escritorio\2020.3.6f1\Editor\Unity.exe
-adb2
-batchMode
-noUpm
-name
AssetImportWorker0
-projectPath
C:/Users/arnod/OneDrive/Escritorio/Juegos_Unity/jarrn
-logFile
Logs/AssetImportWorker0.log
-srvPort
64271
Successfully changed project path to: C:/Users/arnod/OneDrive/Escritorio/Juegos_Unity/jarrn
C:/Users/arnod/OneDrive/Escritorio/Juegos_Unity/jarrn
Using Asset Import Pipeline V2.
Refreshing native plugins compatible for Editor in 108.87 ms, found 0 plugins.
Preloading 0 native plugins for Editor in 0.00 ms.
Initialize engine version: 2020.3.6f1 (338bb68529b2)
[Subsystems] Discovering subsystems at path C:/Users/arnod/OneDrive/Escritorio/2020.3.6f1/Editor/Data/Resources/UnitySubsystems
[Subsystems] Discovering subsystems at path C:/Users/arnod/OneDrive/Escritorio/Juegos_Unity/jarrn/Assets
GfxDevice: creating device client; threaded=0
Direct3D:
    Version:  Direct3D 11.0 [level 11.0]
    Renderer: AMD Radeon HD 5450 (ID=0x68f9)
    Vendor:   
    VRAM:     1012 MB
    Driver:   15.201.1151.1008
Shader 'Universal Render Pipeline/Particles/Lit': fallback shader 'Universal Render Pipeline/Particles/SimpleLit' not found
Initialize mono
Mono path[0] = 'C:/Users/arnod/OneDrive/Escritorio/2020.3.6f1/Editor/Data/Managed'
Mono path[1] = 'C:/Users/arnod/OneDrive/Escritorio/2020.3.6f1/Editor/Data/MonoBleedingEdge/lib/mono/unityjit'
Mono config path = 'C:/Users/arnod/OneDrive/Escritorio/2020.3.6f1/Editor/Data/MonoBleedingEdge/etc'
Using monoOptions --debugger-agent=transport=dt_socket,embedding=1,server=y,suspend=n,address=127.0.0.1:56872
Begin MonoManager ReloadAssembly
Registering precompiled unity dll's ...
Register platform support module: C:/Users/arnod/OneDrive/Escritorio/2020.3.6f1/Editor/Data/PlaybackEngines/WindowsStandaloneSupport/UnityEditor.WindowsStandalone.Extensions.dll
Registered in 0.009258 seconds.
Native extension for WindowsStandalone target not found
Refreshing native plugins compatible for Editor in 125.62 ms, found 0 plugins.
Preloading 0 native plugins for Editor in 0.00 ms.
Mono: successfully reloaded assembly
- Completed reload, in  4.142 seconds
Platform modules already initialized, skipping
Registering precompiled user dll's ...
Registered in 0.011217 seconds.
Begin MonoManager ReloadAssembly
Native extension for WindowsStandalone target not found
Refreshing native plugins compatible for Editor in 127.94 ms, found 0 plugins.
Preloading 0 native plugins for Editor in 0.00 ms.
Mono: successfully reloaded assembly
- Completed reload, in  2.405 seconds
Platform modules already initialized, skipping
========================================================================
Worker process is ready to serve import requests
Shader 'Universal Render Pipeline/Particles/Lit': fallback shader 'Universal Render Pipeline/Particles/SimpleLit' not found
Launched and connected shader compiler UnityShaderCompiler.exe after 0.14 seconds
Refreshing native plugins compatible for Editor in 1.14 ms, found 0 plugins.
Preloading 0 native plugins for Editor in 0.00 ms.
Unloading 2790 Unused Serialized files (Serialized files now loaded: 0)
System memory in use before: 130.5 MB.
System memory in use after: 130.7 MB.

Unloading 11 unused Assets to reduce memory usage. Loaded Objects now: 3236.
Total: 6.958400 ms (FindLiveObjects: 0.911800 ms CreateObjectMapping: 0.260900 ms MarkObjects: 5.514000 ms  DeleteObjects: 0.268200 ms)

========================================================================
Received Prepare
Shader 'Universal Render Pipeline/Particles/Lit': fallback shader 'Universal Render Pipeline/Particles/SimpleLit' not found
Refreshing native plugins compatible for Editor in 3.20 ms, found 0 plugins.
Preloading 0 native plugins for Editor in 0.00 ms.
Unloading 4 Unused Serialized files (Serialized files now loaded: 0)
System memory in use before: 68.7 MB.
System memory in use after: 68.9 MB.

Unloading 4 unused Assets to reduce memory usage. Loaded Objects now: 3236.
Total: 8.007500 ms (FindLiveObjects: 1.166900 ms CreateObjectMapping: 0.339900 ms MarkObjects: 6.359500 ms  DeleteObjects: 0.137800 ms)

========================================================================
Received Import Request.
  path: Assets/the game 1-1/points.cs
  artifactKey: Guid(a727bcef979538640b7d84223cf7e34d) Importer(815301076,1909f56bfc062723c751e8b465ee728b)
Start importing Assets/the game 1-1/points.cs using Guid(a727bcef979538640b7d84223cf7e34d) Importer(815301076,1909f56bfc062723c751e8b465ee728b)  -> (artifact id: '687481a7818d5692042550a501c34b9d') in 0.168323 seconds
  Import took 0.185079 seconds .

========================================================================
Received Prepare
Registering precompiled user dll's ...
Registered in 0.002707 seconds.
Begin MonoManager ReloadAssembly
Native extension for WindowsStandalone target not found
Refreshing native plugins compatible for Editor in 0.90 ms, found 0 plugins.
Preloading 0 native plugins for Editor in 0.00 ms.
Mono: successfully reloaded assembly
- Completed reload, in  2.417 seconds
Platform modules already initialized, skipping
Shader 'Universal Render Pipeline/Particles/Lit': fallback shader 'Universal Render Pipeline/Particles/SimpleLit' not found
Refreshing native plugins compatible for Editor in 1.15 ms, found 0 plugins.
Preloading 0 native plugins for Editor in 0.00 ms.
Unloading 2659 Unused Serialized files (Serialized files now loaded: 0)
System memory in use before: 121.3 MB.
System memory in use after: 121.5 MB.

Unloading 6 unused Assets to reduce memory usage. Loaded Objects now: 3239.
Total: 5.197800 ms (FindLiveObjects: 0.476000 ms CreateObjectMapping: 0.182700 ms MarkObjects: 4.371600 ms  DeleteObjects: 0.164100 ms)

========================================================================
Received Prepare
Registering precompiled user dll's ...
Registered in 0.004575 seconds.
Begin MonoManager ReloadAssembly
Native extension for WindowsStandalone target not found
Refreshing native plugins compatible for Editor in 0.99 ms, found 0 plugins.
Preloading 0 native plugins for Editor in 0.00 ms.
Mono: successfully reloaded assembly
- Completed reload, in  1.919 seconds
Platform modules already initialized, skipping
Shader 'Universal Render Pipeline/Particles/Lit': fallback shader 'Universal Render Pipeline/Particles/SimpleLit' not found
Refreshing native plugins compatible for Editor in 0.91 ms, found 0 plugins.
Preloading 0 native plugins for Editor in 0.00 ms.
Unloading 2659 Unused Serialized files (Serialized files now loaded: 0)
System memory in use before: 121.4 MB.
System memory in use after: 121.6 MB.

Unloading 6 unused Assets to reduce memory usage. Loaded Objects now: 3242.
Total: 4.776800 ms (FindLiveObjects: 0.488900 ms CreateObjectMapping: 0.192400 ms MarkObjects: 3.948700 ms  DeleteObjects: 0.143700 ms)

========================================================================
Received Import Request.
  Time since last request: 12425.727871 seconds.
  path: Assets/the game 1-1/Character1.cs
  artifactKey: Guid(d8434745ebd893d4fb6add1b2e40a5a3) Importer(815301076,1909f56bfc062723c751e8b465ee728b)
Start importing Assets/the game 1-1/Character1.cs using Guid(d8434745ebd893d4fb6add1b2e40a5a3) Importer(815301076,1909f56bfc062723c751e8b465ee728b)  -> (artifact id: '39f5233f240e23f053807fb7f6dc7a51') in 0.262558 seconds
  Import took 0.371429 seconds .

AssetImportWorkerClient::OnTransportError - code=2 error=End of file
